# JRE version: Java(TM) SE Runtime Environment (8.0_101-b13) (build 1.8.0_101-b13)
# Java VM: Java HotSpot(TM) 64-Bit Server VM (25.101-b13 mixed mode bsd-amd64 compressed oops)
Heap:
 PSYoungGen      total 105984K, used 12705K [0x0000000795580000, 0x000000079cc80000, 0x00000007c0000000)
  eden space 96256K, 3% used [0x0000000795580000,0x00000007959126b8,0x000000079b380000)
  from space 9728K, 93% used [0x000000079c300000,0x000000079cbd5ff0,0x000000079cc80000)
  to   space 12800K, 0% used [0x000000079b380000,0x000000079b380000,0x000000079c000000)
 ParOldGen       total 60416K, used 14569K [0x0000000740000000, 0x0000000743b00000, 0x0000000795580000)
  object space 60416K, 24% used [0x0000000740000000,0x0000000740e3a658,0x0000000743b00000)
 Metaspace       used 42797K, capacity 43096K, committed 43392K, reserved 1087488K
  class space    used 4349K, capacity 4442K, committed 4480K, reserved 1048576K
GC Heap History (10 events):
Event: 49.545 GC heap before
{Heap before GC invocations=8 (full 1):
 PSYoungGen      total 36352K, used 36135K [0x0000000795580000, 0x000000079a580000, 0x00000007c0000000)
  eden space 32768K, 100% used [0x0000000795580000,0x0000000797580000,0x0000000797580000)
  from space 3584K, 93% used [0x000000079a200000,0x000000079a549fe0,0x000000079a580000)
  to   space 12288K, 0% used [0x0000000798d80000,0x0000000798d80000,0x0000000799980000)
 ParOldGen       total 52224K, used 9284K [0x0000000740000000, 0x0000000743300000, 0x0000000795580000)
  object space 52224K, 17% used [0x0000000740000000,0x0000000740911290,0x0000000743300000)
 Metaspace       used 28137K, capacity 28372K, committed 28544K, reserved 1075200K
  class space    used 2877K, capacity 2943K, committed 2944K, reserved 1048576K
Event: 49.554 GC heap after
Heap after GC invocations=8 (full 1):
 PSYoungGen      total 69632K, used 5345K [0x0000000795580000, 0x000000079aa00000, 0x00000007c0000000)
  eden space 57344K, 0% used [0x0000000795580000,0x0000000795580000,0x0000000798d80000)
  from space 12288K, 43% used [0x0000000798d80000,0x00000007992b8610,0x0000000799980000)
  to   space 11776K, 0% used [0x0000000799e80000,0x0000000799e80000,0x000000079aa00000)
 ParOldGen       total 52224K, used 9292K [0x0000000740000000, 0x0000000743300000, 0x0000000795580000)
  object space 52224K, 17% used [0x0000000740000000,0x0000000740913290,0x0000000743300000)
 Metaspace       used 28137K, capacity 28372K, committed 28544K, reserved 1075200K
  class space    used 2877K, capacity 2943K, committed 2944K, reserved 1048576K
}
Event: 50.999 GC heap before
{Heap before GC invocations=9 (full 1):
 PSYoungGen      total 69632K, used 62689K [0x0000000795580000, 0x000000079aa00000, 0x00000007c0000000)
  eden space 57344K, 100% used [0x0000000795580000,0x0000000798d80000,0x0000000798d80000)
  from space 12288K, 43% used [0x0000000798d80000,0x00000007992b8610,0x0000000799980000)
  to   space 11776K, 0% used [0x0000000799e80000,0x0000000799e80000,0x000000079aa00000)
 ParOldGen       total 52224K, used 9292K [0x0000000740000000, 0x0000000743300000, 0x0000000795580000)
  object space 52224K, 17% used [0x0000000740000000,0x0000000740913290,0x0000000743300000)
 Metaspace       used 34927K, capacity 35192K, committed 35456K, reserved 1081344K
  class space    used 3600K, capacity 3657K, committed 3712K, reserved 1048576K
Event: 51.015 GC heap after
Heap after GC invocations=9 (full 1):
 PSYoungGen      total 74240K, used 9218K [0x0000000795580000, 0x000000079d900000, 0x00000007c0000000)
  eden space 62464K, 0% used [0x0000000795580000,0x0000000795580000,0x0000000799280000)
  from space 11776K, 78% used [0x0000000799e80000,0x000000079a7808d0,0x000000079aa00000)
  to   space 12288K, 0% used [0x0000000799280000,0x0000000799280000,0x0000000799e80000)
 ParOldGen       total 52224K, used 9300K [0x0000000740000000, 0x0000000743300000, 0x0000000795580000)
  object space 52224K, 17% used [0x0000000740000000,0x0000000740915290,0x0000000743300000)
 Metaspace       used 34927K, capacity 35192K, committed 35456K, reserved 1081344K
  class space    used 3600K, capacity 3657K, committed 3712K, reserved 1048576K
}
Event: 51.041 GC heap before
{Heap before GC invocations=10 (full 1):
 PSYoungGen      total 74240K, used 11431K [0x0000000795580000, 0x000000079d900000, 0x00000007c0000000)
  eden space 62464K, 3% used [0x0000000795580000,0x00000007957a9678,0x0000000799280000)
  from space 11776K, 78% used [0x0000000799e80000,0x000000079a7808d0,0x000000079aa00000)
  to   space 12288K, 0% used [0x0000000799280000,0x0000000799280000,0x0000000799e80000)
 ParOldGen       total 52224K, used 9300K [0x0000000740000000, 0x0000000743300000, 0x0000000795580000)
  object space 52224K, 17% used [0x0000000740000000,0x0000000740915290,0x0000000743300000)
 Metaspace       used 35065K, capacity 35288K, committed 35456K, reserved 1081344K
  class space    used 3612K, capacity 3689K, committed 3712K, reserved 1048576K
Event: 51.049 GC heap after
Heap after GC invocations=10 (full 1):
 PSYoungGen      total 74752K, used 4372K [0x0000000795580000, 0x000000079cf00000, 0x00000007c0000000)
  eden space 62464K, 0% used [0x0000000795580000,0x0000000795580000,0x0000000799280000)
  from space 12288K, 35% used [0x0000000799280000,0x00000007996c51c0,0x0000000799e80000)
  to   space 12288K, 0% used [0x000000079c300000,0x000000079c300000,0x000000079cf00000)
 ParOldGen       total 52224K, used 10818K [0x0000000740000000, 0x0000000743300000, 0x0000000795580000)
  object space 52224K, 20% used [0x0000000740000000,0x0000000740a90af8,0x0000000743300000)
 Metaspace       used 35065K, capacity 35288K, committed 35456K, reserved 1081344K
  class space    used 3612K, capacity 3689K, committed 3712K, reserved 1048576K
}
Event: 51.049 GC heap before
{Heap before GC invocations=11 (full 2):
 PSYoungGen      total 74752K, used 4372K [0x0000000795580000, 0x000000079cf00000, 0x00000007c0000000)
  eden space 62464K, 0% used [0x0000000795580000,0x0000000795580000,0x0000000799280000)
  from space 12288K, 35% used [0x0000000799280000,0x00000007996c51c0,0x0000000799e80000)
  to   space 12288K, 0% used [0x000000079c300000,0x000000079c300000,0x000000079cf00000)
 ParOldGen       total 52224K, used 10818K [0x0000000740000000, 0x0000000743300000, 0x0000000795580000)
  object space 52224K, 20% used [0x0000000740000000,0x0000000740a90af8,0x0000000743300000)
 Metaspace       used 35065K, capacity 35288K, committed 35456K, reserved 1081344K
  class space    used 3612K, capacity 3689K, committed 3712K, reserved 1048576K
Event: 51.137 GC heap after
Heap after GC invocations=11 (full 2):
 PSYoungGen      total 74752K, used 0K [0x0000000795580000, 0x000000079cf00000, 0x00000007c0000000)
  eden space 62464K, 0% used [0x0000000795580000,0x0000000795580000,0x0000000799280000)
  from space 12288K, 0% used [0x0000000799280000,0x0000000799280000,0x0000000799e80000)
  to   space 12288K, 0% used [0x000000079c300000,0x000000079c300000,0x000000079cf00000)
 ParOldGen       total 60416K, used 14561K [0x0000000740000000, 0x0000000743b00000, 0x0000000795580000)
  object space 60416K, 24% used [0x0000000740000000,0x0000000740e38658,0x0000000743b00000)
 Metaspace       used 35065K, capacity 35288K, committed 35456K, reserved 1081344K
  class space    used 3612K, capacity 3689K, committed 3712K, reserved 1048576K
}
Event: 1674.928 GC heap before
{Heap before GC invocations=12 (full 2):
 PSYoungGen      total 74752K, used 62464K [0x0000000795580000, 0x000000079cf00000, 0x00000007c0000000)
  eden space 62464K, 100% used [0x0000000795580000,0x0000000799280000,0x0000000799280000)
  from space 12288K, 0% used [0x0000000799280000,0x0000000799280000,0x0000000799e80000)
  to   space 12288K, 0% used [0x000000079c300000,0x000000079c300000,0x000000079cf00000)
 ParOldGen       total 60416K, used 14561K [0x0000000740000000, 0x0000000743b00000, 0x0000000795580000)
  object space 60416K, 24% used [0x0000000740000000,0x0000000740e38658,0x0000000743b00000)
 Metaspace       used 42795K, capacity 43096K, committed 43392K, reserved 1087488K
  class space    used 4349K, capacity 4442K, committed 4480K, reserved 1048576K
Event: 1674.977 GC heap after
Heap after GC invocations=12 (full 2):
 PSYoungGen      total 105984K, used 9047K [0x0000000795580000, 0x000000079cc80000, 0x00000007c0000000)
  eden space 96256K, 0% used [0x0000000795580000,0x0000000795580000,0x000000079b380000)
  from space 9728K, 93% used [0x000000079c300000,0x000000079cbd5ff0,0x000000079cc80000)
  to   space 12800K, 0% used [0x000000079b380000,0x000000079b380000,0x000000079c000000)
 ParOldGen       total 60416K, used 14569K [0x0000000740000000, 0x0000000743b00000, 0x0000000795580000)
  object space 60416K, 24% used [0x0000000740000000,0x0000000740e3a658,0x0000000743b00000)
 Metaspace       used 42795K, capacity 43096K, committed 43392K, reserved 1087488K
  class space    used 4349K, capacity 4442K, committed 4480K, reserved 1048576K
}

